C:\Users\Oliver\PROGRAMMING\CINDER_PROJECTS\godComplex_03\vc10\Debug\cl.command.1.tlog
C:\Users\Oliver\PROGRAMMING\CINDER_PROJECTS\godComplex_03\vc10\Debug\CL.read.1.tlog
C:\Users\Oliver\PROGRAMMING\CINDER_PROJECTS\godComplex_03\vc10\Debug\CL.write.1.tlog
C:\USERS\OLIVER\PROGRAMMING\CINDER_PROJECTS\GODCOMPLEX_03\VC10\DEBUG\CLOUDCONTROLLER.OBJ
C:\USERS\OLIVER\PROGRAMMING\CINDER_PROJECTS\GODCOMPLEX_03\VC10\DEBUG\CLOUDPARTICLE.OBJ
C:\USERS\OLIVER\PROGRAMMING\CINDER_PROJECTS\GODCOMPLEX_03\VC10\DEBUG\DIRVECTOR.OBJ
C:\USERS\OLIVER\PROGRAMMING\CINDER_PROJECTS\GODCOMPLEX_03\VC10\DEBUG\GODCOMPLEX.EXE
C:\USERS\OLIVER\PROGRAMMING\CINDER_PROJECTS\GODCOMPLEX_03\VC10\DEBUG\GODCOMPLEX.ILK
C:\USERS\OLIVER\PROGRAMMING\CINDER_PROJECTS\GODCOMPLEX_03\VC10\DEBUG\GODCOMPLEX.PDB
C:\Users\Oliver\PROGRAMMING\CINDER_PROJECTS\godComplex_03\vc10\Debug\godComplex.write.1.tlog
C:\USERS\OLIVER\PROGRAMMING\CINDER_PROJECTS\GODCOMPLEX_03\VC10\DEBUG\GODCOMPLEXAPP.OBJ
C:\USERS\OLIVER\PROGRAMMING\CINDER_PROJECTS\GODCOMPLEX_03\VC10\DEBUG\LEAPCONTROLLER.OBJ
C:\Users\Oliver\PROGRAMMING\CINDER_PROJECTS\godComplex_03\vc10\Debug\link.3332.read.1.tlog
C:\Users\Oliver\PROGRAMMING\CINDER_PROJECTS\godComplex_03\vc10\Debug\link.3332.read.3.tlog
C:\Users\Oliver\PROGRAMMING\CINDER_PROJECTS\godComplex_03\vc10\Debug\link.3332.write.1.tlog
C:\Users\Oliver\PROGRAMMING\CINDER_PROJECTS\godComplex_03\vc10\Debug\link.3332-cvtres.read.1.tlog
C:\Users\Oliver\PROGRAMMING\CINDER_PROJECTS\godComplex_03\vc10\Debug\link.3332-cvtres.write.1.tlog
C:\Users\Oliver\PROGRAMMING\CINDER_PROJECTS\godComplex_03\vc10\Debug\link.4852.read.1.tlog
C:\Users\Oliver\PROGRAMMING\CINDER_PROJECTS\godComplex_03\vc10\Debug\link.4852.read.3.tlog
C:\Users\Oliver\PROGRAMMING\CINDER_PROJECTS\godComplex_03\vc10\Debug\link.4852.write.1.tlog
C:\Users\Oliver\PROGRAMMING\CINDER_PROJECTS\godComplex_03\vc10\Debug\link.4852-cvtres.read.1.tlog
C:\Users\Oliver\PROGRAMMING\CINDER_PROJECTS\godComplex_03\vc10\Debug\link.4852-cvtres.write.1.tlog
C:\Users\Oliver\PROGRAMMING\CINDER_PROJECTS\godComplex_03\vc10\Debug\link.6100.read.1.tlog
C:\Users\Oliver\PROGRAMMING\CINDER_PROJECTS\godComplex_03\vc10\Debug\link.6100.read.3.tlog
C:\Users\Oliver\PROGRAMMING\CINDER_PROJECTS\godComplex_03\vc10\Debug\link.6100.write.1.tlog
C:\Users\Oliver\PROGRAMMING\CINDER_PROJECTS\godComplex_03\vc10\Debug\link.6100-cvtres.read.1.tlog
C:\Users\Oliver\PROGRAMMING\CINDER_PROJECTS\godComplex_03\vc10\Debug\link.6100-cvtres.write.1.tlog
C:\Users\Oliver\PROGRAMMING\CINDER_PROJECTS\godComplex_03\vc10\Debug\link.command.1.tlog
C:\Users\Oliver\PROGRAMMING\CINDER_PROJECTS\godComplex_03\vc10\Debug\link.read.1.tlog
C:\Users\Oliver\PROGRAMMING\CINDER_PROJECTS\godComplex_03\vc10\Debug\link.read.3.tlog
C:\Users\Oliver\PROGRAMMING\CINDER_PROJECTS\godComplex_03\vc10\Debug\link.write.1.tlog
C:\Users\Oliver\PROGRAMMING\CINDER_PROJECTS\godComplex_03\vc10\Debug\link-cvtres.read.1.tlog
C:\Users\Oliver\PROGRAMMING\CINDER_PROJECTS\godComplex_03\vc10\Debug\link-cvtres.write.1.tlog
C:\Users\Oliver\PROGRAMMING\CINDER_PROJECTS\godComplex_03\vc10\Debug\rc.command.1.tlog
C:\Users\Oliver\PROGRAMMING\CINDER_PROJECTS\godComplex_03\vc10\Debug\rc.read.1.tlog
C:\Users\Oliver\PROGRAMMING\CINDER_PROJECTS\godComplex_03\vc10\Debug\rc.write.1.tlog
C:\USERS\OLIVER\PROGRAMMING\CINDER_PROJECTS\GODCOMPLEX_03\VC10\DEBUG\RESOURCES.RES
C:\Users\Oliver\PROGRAMMING\CINDER_PROJECTS\godComplex_03\vc10\Debug\vc100.idb
C:\USERS\OLIVER\PROGRAMMING\CINDER_PROJECTS\GODCOMPLEX_03\VC10\DEBUG\VC100.PDB
C:\USERS\OLIVER\PROGRAMMING\CINDER_PROJECTS\GODCOMPLEX_03\VC10\DEBUG\VECTORFLOWFIELD.OBJ
C:\USERS\OLIVER\PROGRAMMING\CINDER_PROJECTS\GODCOMPLEX_03\VC10\DEBUG\VECTORSET.OBJ
C:\USERS\OLIVER\PROGRAMMING\CINDER_PROJECTS\GODCOMPLEX_03\VC10\DEBUG\WATERMODULE.OBJ
