Build started 21/06/2013 1:16:43 a.m..
     1>Project "C:\Users\Chalmers\Documents\GitHub\godComplex\vc10\godComplex.vcxproj" on node 2 (build target(s)).
     1>InitializeBuildStatus:
         Creating "Release\godComplex.unsuccessfulbuild" because "AlwaysCreate" was specified.
       ClCompile:
         c:\Program Files (x86)\Microsoft Visual Studio 10.0\VC\bin\CL.exe /c /IC:\Users\Oliver\cinder\blocks\Leap\LeapSDK\include /IC:\Cinder\cinder\blocks\Leap\LeapSDK\include /IC:\Cinder\cinder\boost /IC:\Cinder\cinder\include /I..\include /I..\..\..\..\cinder\include /I..\..\..\..\cinder\boost /Zi /nologo /W3 /WX- /O2 /Oy- /GL /D WIN32 /D NDEBUG /D _WINDOWS /D NOMINMAX /D _UNICODE /D UNICODE /Gm- /EHsc /MT /GS /fp:precise /Zc:wchar_t /Zc:forScope /Fo"Release\\" /Fd"Release\vc100.pdb" /Gd /TP /analyze- /errorReport:prompt ..\src\CloudParticle.cpp
         CloudParticle.cpp
     1>..\src\CloudParticle.cpp(31): warning C4101: 'activeControllersCount' : unreferenced local variable
     1>..\src\CloudParticle.cpp(35): warning C4101: 'maxIndices' : unreferenced local variable
     1>..\src\CloudParticle.cpp(34): warning C4101: 'minIndices' : unreferenced local variable
     1>..\src\CloudParticle.cpp(136): warning C4244: 'argument' : conversion from 'float' to 'int32_t', possible loss of data
     1>..\src\CloudParticle.cpp(151): warning C4244: 'argument' : conversion from 'int' to 'float', possible loss of data
     1>..\src\CloudParticle.cpp(152): warning C4244: 'argument' : conversion from 'int' to 'float', possible loss of data
     1>..\src\CloudParticle.cpp(162): warning C4244: 'initializing' : conversion from 'double' to 'float', possible loss of data
     1>..\src\CloudParticle.cpp(361): warning C4305: '=' : truncation from 'double' to 'float'
     1>..\src\CloudParticle.cpp(362): warning C4305: '=' : truncation from 'double' to 'float'
     1>..\src\CloudParticle.cpp(364): warning C4305: '=' : truncation from 'double' to 'float'
     1>..\src\CloudParticle.cpp(365): warning C4305: '=' : truncation from 'double' to 'float'
     1>..\src\CloudParticle.cpp(369): warning C4305: '=' : truncation from 'double' to 'float'
     1>..\src\CloudParticle.cpp(458): warning C4018: '<' : signed/unsigned mismatch
       ResourceCompile:
         C:\Program Files (x86)\Microsoft SDKs\Windows\v7.0A\bin\rc.exe /D _UNICODE /D UNICODE /l"0x0409" /IC:\Cinder\cinder\include /I..\..\..\..\cinder\include /I..\include /nologo /fo"Release\Resources.res" Resources.rc 
       Link:
         c:\Program Files (x86)\Microsoft Visual Studio 10.0\VC\bin\link.exe /ERRORREPORT:PROMPT /OUT:"C:\Users\Chalmers\Documents\GitHub\godComplex\vc10\Release\godComplex.exe" /INCREMENTAL:NO /NOLOGO /LIBPATH:C:\Users\Oliver\cinder\blocks\Leap\LeapSDK\lib\x86 /LIBPATH:C:\Cinder\cinder\lib\msw /LIBPATH:C:\Cinder\cinder\lib /LIBPATH:..\..\..\..\cinder\lib /LIBPATH:..\..\..\..\cinder\lib\msw /LIBPATH:C:\Cinder\cinder\blocks\Leap\LeapSDK\lib\x86 cinder.lib Leap.lib kernel32.lib user32.lib gdi32.lib winspool.lib comdlg32.lib advapi32.lib shell32.lib ole32.lib oleaut32.lib uuid.lib odbc32.lib odbccp32.lib /MANIFEST /ManifestFile:"Release\godComplex.exe.intermediate.manifest" /MANIFESTUAC:"level='asInvoker' uiAccess='false'" /PDB:"C:\Users\Chalmers\Documents\GitHub\godComplex\vc10\Release\godComplex.pdb" /SUBSYSTEM:WINDOWS /OPT:REF /LTCG /TLBID:1 /DYNAMICBASE:NO /IMPLIB:"C:\Users\Chalmers\Documents\GitHub\godComplex\vc10\Release\godComplex.lib" /MACHINE:X86 Release\Resources.res
         Release\CloudController.obj
         Release\CloudParticle.obj
         Release\DirVector.obj
         Release\godComplexApp.obj
         Release\LeapController.obj
         Release\VectorFlowField.obj
         Release\VectorSet.obj
         Release\WaterModule.obj
         Generating code
         Finished generating code
         godComplex.vcxproj -> C:\Users\Chalmers\Documents\GitHub\godComplex\vc10\Release\godComplex.exe
       Manifest:
         C:\Program Files (x86)\Microsoft SDKs\Windows\v7.0A\bin\mt.exe /nologo /verbose /outputresource:"C:\Users\Chalmers\Documents\GitHub\godComplex\vc10\Release\godComplex.exe;#1" /manifest Release\godComplex.exe.intermediate.manifest
       FinalizeBuildStatus:
         Deleting file "Release\godComplex.unsuccessfulbuild".
         Touching "Release\godComplex.lastbuildstate".
     1>Done Building Project "C:\Users\Chalmers\Documents\GitHub\godComplex\vc10\godComplex.vcxproj" (build target(s)).

Build succeeded.

Time Elapsed 00:00:06.93
