C:\Users\Chalmers\Documents\#Andrew\University\BSc\MDDN442\Project 2\4\godComplex\vc10\Release\CL.1140.read.1.tlog
C:\Users\Chalmers\Documents\#Andrew\University\BSc\MDDN442\Project 2\4\godComplex\vc10\Release\CL.1140.write.1.tlog
C:\Users\Chalmers\Documents\#Andrew\University\BSc\MDDN442\Project 2\4\godComplex\vc10\Release\CL.1556.read.1.tlog
C:\Users\Chalmers\Documents\#Andrew\University\BSc\MDDN442\Project 2\4\godComplex\vc10\Release\CL.1556.write.1.tlog
C:\Users\Chalmers\Documents\#Andrew\University\BSc\MDDN442\Project 2\4\godComplex\vc10\Release\CL.1952.read.1.tlog
C:\Users\Chalmers\Documents\#Andrew\University\BSc\MDDN442\Project 2\4\godComplex\vc10\Release\CL.1952.write.1.tlog
C:\Users\Chalmers\Documents\#Andrew\University\BSc\MDDN442\Project 2\4\godComplex\vc10\Release\CL.2432.read.1.tlog
C:\Users\Chalmers\Documents\#Andrew\University\BSc\MDDN442\Project 2\4\godComplex\vc10\Release\CL.2432.write.1.tlog
C:\Users\Chalmers\Documents\#Andrew\University\BSc\MDDN442\Project 2\4\godComplex\vc10\Release\CL.2660.read.1.tlog
C:\Users\Chalmers\Documents\#Andrew\University\BSc\MDDN442\Project 2\4\godComplex\vc10\Release\CL.2660.write.1.tlog
C:\Users\Chalmers\Documents\#Andrew\University\BSc\MDDN442\Project 2\4\godComplex\vc10\Release\CL.3500.read.1.tlog
C:\Users\Chalmers\Documents\#Andrew\University\BSc\MDDN442\Project 2\4\godComplex\vc10\Release\CL.3500.write.1.tlog
C:\Users\Chalmers\Documents\#Andrew\University\BSc\MDDN442\Project 2\4\godComplex\vc10\Release\CL.3652.read.1.tlog
C:\Users\Chalmers\Documents\#Andrew\University\BSc\MDDN442\Project 2\4\godComplex\vc10\Release\CL.3652.write.1.tlog
C:\Users\Chalmers\Documents\#Andrew\University\BSc\MDDN442\Project 2\4\godComplex\vc10\Release\CL.3860.read.1.tlog
C:\Users\Chalmers\Documents\#Andrew\University\BSc\MDDN442\Project 2\4\godComplex\vc10\Release\CL.3860.write.1.tlog
C:\Users\Chalmers\Documents\#Andrew\University\BSc\MDDN442\Project 2\4\godComplex\vc10\Release\CL.3924.read.1.tlog
C:\Users\Chalmers\Documents\#Andrew\University\BSc\MDDN442\Project 2\4\godComplex\vc10\Release\CL.3924.write.1.tlog
C:\Users\Chalmers\Documents\#Andrew\University\BSc\MDDN442\Project 2\4\godComplex\vc10\Release\CL.4172.read.1.tlog
C:\Users\Chalmers\Documents\#Andrew\University\BSc\MDDN442\Project 2\4\godComplex\vc10\Release\CL.4172.write.1.tlog
C:\Users\Chalmers\Documents\#Andrew\University\BSc\MDDN442\Project 2\4\godComplex\vc10\Release\CL.4236.read.1.tlog
C:\Users\Chalmers\Documents\#Andrew\University\BSc\MDDN442\Project 2\4\godComplex\vc10\Release\CL.4236.write.1.tlog
C:\Users\Chalmers\Documents\#Andrew\University\BSc\MDDN442\Project 2\4\godComplex\vc10\Release\CL.4472.read.1.tlog
C:\Users\Chalmers\Documents\#Andrew\University\BSc\MDDN442\Project 2\4\godComplex\vc10\Release\CL.4472.write.1.tlog
C:\Users\Chalmers\Documents\#Andrew\University\BSc\MDDN442\Project 2\4\godComplex\vc10\Release\CL.4480.read.1.tlog
C:\Users\Chalmers\Documents\#Andrew\University\BSc\MDDN442\Project 2\4\godComplex\vc10\Release\CL.4480.write.1.tlog
C:\Users\Chalmers\Documents\#Andrew\University\BSc\MDDN442\Project 2\4\godComplex\vc10\Release\CL.4524.read.1.tlog
C:\Users\Chalmers\Documents\#Andrew\University\BSc\MDDN442\Project 2\4\godComplex\vc10\Release\CL.4524.write.1.tlog
C:\Users\Chalmers\Documents\#Andrew\University\BSc\MDDN442\Project 2\4\godComplex\vc10\Release\CL.4640.read.1.tlog
C:\Users\Chalmers\Documents\#Andrew\University\BSc\MDDN442\Project 2\4\godComplex\vc10\Release\CL.4640.write.1.tlog
C:\Users\Chalmers\Documents\#Andrew\University\BSc\MDDN442\Project 2\4\godComplex\vc10\Release\CL.4664.read.1.tlog
C:\Users\Chalmers\Documents\#Andrew\University\BSc\MDDN442\Project 2\4\godComplex\vc10\Release\CL.4664.write.1.tlog
C:\Users\Chalmers\Documents\#Andrew\University\BSc\MDDN442\Project 2\4\godComplex\vc10\Release\CL.5180.read.1.tlog
C:\Users\Chalmers\Documents\#Andrew\University\BSc\MDDN442\Project 2\4\godComplex\vc10\Release\CL.5180.write.1.tlog
C:\Users\Chalmers\Documents\#Andrew\University\BSc\MDDN442\Project 2\4\godComplex\vc10\Release\CL.6396.read.1.tlog
C:\Users\Chalmers\Documents\#Andrew\University\BSc\MDDN442\Project 2\4\godComplex\vc10\Release\CL.6396.write.1.tlog
C:\Users\Chalmers\Documents\#Andrew\University\BSc\MDDN442\Project 2\4\godComplex\vc10\Release\CL.6652.read.1.tlog
C:\Users\Chalmers\Documents\#Andrew\University\BSc\MDDN442\Project 2\4\godComplex\vc10\Release\CL.6652.write.1.tlog
C:\Users\Chalmers\Documents\#Andrew\University\BSc\MDDN442\Project 2\4\godComplex\vc10\Release\CL.6812.read.1.tlog
C:\Users\Chalmers\Documents\#Andrew\University\BSc\MDDN442\Project 2\4\godComplex\vc10\Release\CL.6812.write.1.tlog
C:\Users\Chalmers\Documents\#Andrew\University\BSc\MDDN442\Project 2\4\godComplex\vc10\Release\CL.6952.read.1.tlog
C:\Users\Chalmers\Documents\#Andrew\University\BSc\MDDN442\Project 2\4\godComplex\vc10\Release\CL.6952.write.1.tlog
C:\Users\Chalmers\Documents\#Andrew\University\BSc\MDDN442\Project 2\4\godComplex\vc10\Release\CL.6956.read.1.tlog
C:\Users\Chalmers\Documents\#Andrew\University\BSc\MDDN442\Project 2\4\godComplex\vc10\Release\CL.6956.write.1.tlog
C:\Users\Chalmers\Documents\#Andrew\University\BSc\MDDN442\Project 2\4\godComplex\vc10\Release\CL.884.read.1.tlog
C:\Users\Chalmers\Documents\#Andrew\University\BSc\MDDN442\Project 2\4\godComplex\vc10\Release\CL.884.write.1.tlog
C:\Users\Chalmers\Documents\#Andrew\University\BSc\MDDN442\Project 2\4\godComplex\vc10\Release\cl.command.1.tlog
C:\Users\Chalmers\Documents\#Andrew\University\BSc\MDDN442\Project 2\4\godComplex\vc10\Release\CL.read.1.tlog
C:\Users\Chalmers\Documents\#Andrew\University\BSc\MDDN442\Project 2\4\godComplex\vc10\Release\cl.write.1.tlog
C:\USERS\CHALMERS\DOCUMENTS\#ANDREW\UNIVERSITY\BSC\MDDN442\PROJECT 2\4\GODCOMPLEX\VC10\RELEASE\CLOUDCONTROLLER.OBJ
C:\USERS\CHALMERS\DOCUMENTS\#ANDREW\UNIVERSITY\BSC\MDDN442\PROJECT 2\4\GODCOMPLEX\VC10\RELEASE\CLOUDPARTICLE.OBJ
C:\USERS\CHALMERS\DOCUMENTS\#ANDREW\UNIVERSITY\BSC\MDDN442\PROJECT 2\4\GODCOMPLEX\VC10\RELEASE\DIRVECTOR.OBJ
C:\USERS\CHALMERS\DOCUMENTS\#ANDREW\UNIVERSITY\BSC\MDDN442\PROJECT 2\4\GODCOMPLEX\VC10\RELEASE\GODCOMPLEX.EXE
C:\Users\Chalmers\Documents\#Andrew\University\BSc\MDDN442\Project 2\4\godComplex\vc10\Release\godComplex.exe.intermediate.manifest
C:\USERS\CHALMERS\DOCUMENTS\#ANDREW\UNIVERSITY\BSC\MDDN442\PROJECT 2\4\GODCOMPLEX\VC10\RELEASE\GODCOMPLEXAPP.OBJ
C:\Users\Chalmers\Documents\#Andrew\University\BSc\MDDN442\Project 2\4\godComplex\vc10\Release\link.command.1.tlog
C:\Users\Chalmers\Documents\#Andrew\University\BSc\MDDN442\Project 2\4\godComplex\vc10\Release\link.read.1.tlog
C:\Users\Chalmers\Documents\#Andrew\University\BSc\MDDN442\Project 2\4\godComplex\vc10\Release\link.write.1.tlog
C:\Users\Chalmers\Documents\#Andrew\University\BSc\MDDN442\Project 2\4\godComplex\vc10\Release\link-cvtres.read.1.tlog
C:\Users\Chalmers\Documents\#Andrew\University\BSc\MDDN442\Project 2\4\godComplex\vc10\Release\link-cvtres.write.1.tlog
C:\Users\Chalmers\Documents\#Andrew\University\BSc\MDDN442\Project 2\4\godComplex\vc10\Release\mt.command.1.tlog
C:\Users\Chalmers\Documents\#Andrew\University\BSc\MDDN442\Project 2\4\godComplex\vc10\Release\mt.read.1.tlog
C:\Users\Chalmers\Documents\#Andrew\University\BSc\MDDN442\Project 2\4\godComplex\vc10\Release\mt.write.1.tlog
C:\Users\Chalmers\Documents\#Andrew\University\BSc\MDDN442\Project 2\4\godComplex\vc10\Release\rc.command.1.tlog
C:\Users\Chalmers\Documents\#Andrew\University\BSc\MDDN442\Project 2\4\godComplex\vc10\Release\rc.read.1.tlog
C:\Users\Chalmers\Documents\#Andrew\University\BSc\MDDN442\Project 2\4\godComplex\vc10\Release\rc.write.1.tlog
C:\USERS\CHALMERS\DOCUMENTS\#ANDREW\UNIVERSITY\BSC\MDDN442\PROJECT 2\4\GODCOMPLEX\VC10\RELEASE\RESOURCES.RES
C:\USERS\CHALMERS\DOCUMENTS\#ANDREW\UNIVERSITY\BSC\MDDN442\PROJECT 2\4\GODCOMPLEX\VC10\RELEASE\VC100.PDB
C:\USERS\CHALMERS\DOCUMENTS\#ANDREW\UNIVERSITY\BSC\MDDN442\PROJECT 2\4\GODCOMPLEX\VC10\RELEASE\VECTORFLOWFIELD.OBJ
C:\USERS\CHALMERS\DOCUMENTS\#ANDREW\UNIVERSITY\BSC\MDDN442\PROJECT 2\4\GODCOMPLEX\VC10\RELEASE\VECTORSET.OBJ
C:\USERS\CHALMERS\DOCUMENTS\#ANDREW\UNIVERSITY\BSC\MDDN442\PROJECT 2\4\GODCOMPLEX\VC10\RELEASE\WATERMODULE.OBJ
